app/build/intermediates/manifest_merge_blame_file/debug/manifest-merger-blame-debug-report.txt
1<?xml version="1.0" encoding="utf-8"?>
2<manifest xmlns:android="http://schemas.android.com/apk/res/android"
3    package="com.example.android.droidcafeoptions"
4    android:versionCode="1"
5    android:versionName="1.0" >
6
7    <uses-sdk
8        android:minSdkVersion="15"
8-->src\main\AndroidManifest.xml
9        android:targetSdkVersion="26" />
9-->src\main\AndroidManifest.xml
10
11    <application
11-->src\main\AndroidManifest.xml:6:5-29:19
12        android:allowBackup="true"
12-->src\main\AndroidManifest.xml:7:9-35
13        android:debuggable="true"
14        android:icon="@mipmap/ic_launcher"
14-->src\main\AndroidManifest.xml:8:9-43
15        android:label="@string/app_name"
15-->src\main\AndroidManifest.xml:9:9-41
16        android:roundIcon="@mipmap/ic_launcher_round"
16-->src\main\AndroidManifest.xml:10:9-54
17        android:supportsRtl="true"
17-->src\main\AndroidManifest.xml:11:9-35
18        android:testOnly="true"
19        android:theme="@style/AppTheme" >
19-->src\main\AndroidManifest.xml:12:9-40
20        <activity
20-->src\main\AndroidManifest.xml:13:9-22:20
21            android:name="com.example.android.droidcafeoptions.MainActivity"
21-->src\main\AndroidManifest.xml:14:13-77
22            android:label="@string/app_name"
22-->src\main\AndroidManifest.xml:15:13-45
23            android:theme="@style/AppTheme.NoActionBar" >
23-->src\main\AndroidManifest.xml:16:13-56
24            <intent-filter>
24-->src\main\AndroidManifest.xml:17:13-21:29
25                <action android:name="android.intent.action.MAIN" />
25-->src\main\AndroidManifest.xml:18:17-69
25-->src\main\AndroidManifest.xml:18:25-66
26
27                <category android:name="android.intent.category.LAUNCHER" />
27-->src\main\AndroidManifest.xml:20:17-77
27-->src\main\AndroidManifest.xml:20:27-74
28            </intent-filter>
29        </activity>
30        <activity
30-->src\main\AndroidManifest.xml:23:9-26:57
31            android:name="com.example.android.droidcafeoptions.OrderActivity"
31-->src\main\AndroidManifest.xml:24:13-42
32            android:label="@string/title_activity_order"
32-->src\main\AndroidManifest.xml:25:13-57
33            android:parentActivityName="com.example.android.droidcafeoptions.MainActivity" />
33-->src\main\AndroidManifest.xml:26:13-55
34
35        <meta-data
35-->src\main\AndroidManifest.xml:27:13-28:48
36            android:name="android.support.PARENT_ACTIVITY"
36-->src\main\AndroidManifest.xml:27:24-70
37            android:value=".MainActivity" />
37-->src\main\AndroidManifest.xml:28:17-46
38        <meta-data
38-->[com.android.support:design:26.1.0] AndroidManifest.xml:26:9-28:38
39            android:name="android.support.VERSION"
39-->[com.android.support:design:26.1.0] AndroidManifest.xml:27:13-51
40            android:value="26.1.0" />
40-->[com.android.support:design:26.1.0] AndroidManifest.xml:28:13-35
41        <meta-data
41-->[android.arch.lifecycle:runtime:1.0.0] AndroidManifest.xml:25:9-27:47
42            android:name="android.arch.lifecycle.VERSION"
42-->[android.arch.lifecycle:runtime:1.0.0] AndroidManifest.xml:26:13-58
43            android:value="27.0.0-SNAPSHOT" />
43-->[android.arch.lifecycle:runtime:1.0.0] AndroidManifest.xml:27:13-44
44    </application>
45
46</manifest>